<?xml version="1.0" encoding="UTF-8"?>
<!-- Generated by org.testng.reporters.JUnitReportReporter -->
<testsuite hostname="SAI" failures="0" tests="1" name="firstpackage.TC_RF_001" time="11.609" errors="0" timestamp="2024-12-29T17:56:03 IST" skipped="0">
  <testcase classname="firstpackage.TC_RF_001" name="RegisterVerify" time="11.609"/>
</testsuite> <!-- firstpackage.TC_RF_001 -->
